- The project is out-of-sync -- use `renv::status()` for details.


processing file: ABG-VBG-analysis-2026-2-28.rmarkdown
1/291                                          
2/291 [todo-notes]                             
3/291                                          
4/291 [setup-table-helpers]                    
5/291                                          
6/291 [setup-packages]                         
7/291                                          
8/291 [cohort-flow-helpers]                    
9/291                                          
10/291 [cohort-flow-figure]                     
11/291                                          
12/291 [setup-run-config]                       
13/291                                          
14/291 [setup-diagnostics-output]               
15/291                                          
16/291 [setup-diagnostics-helpers]              
17/291                                          
18/291 [latex-codeblock-risk-scan]              
19/291                                          
20/291 [setup-model-diagrams]                   
21/291                                          
22/291 [setup-shapviz]                          
23/291                                          
24/291 [runtime-hooks]                          
25/291                                          
26/291 [seed-escrow]                            
27/291                                          
28/291 [gt-pdf-helper]                          
29/291                                          
30/291 [stage1-start]                           
31/291                                          
32/291 [load-trinetx-data]                      
