[render] start 2026-04-09 16:06:39 MDT
- The project is out-of-sync -- use `renv::status()` for details.
Error: The name of the input file cannot contain the special shell characters: [ <>()|\:&;#?*'] (attempted to copy to a version without those characters 'ABG-VBG-analysis-2026-2-28.rmarkdown' however that file already exists)
Execution halted
WARN: Error encountered when rendering files
       10.13 real         8.79 user         0.47 sys
           223805440  maximum resident set size
                   0  average shared memory size
                   0  average unshared data size
                   0  average unshared stack size
               63897  page reclaims
                3543  page faults
                   0  swaps
                   0  block input operations
                   0  block output operations
                  18  messages sent
                  14  messages received
                   6  signals received
                1798  voluntary context switches
               19655  involuntary context switches
            26717250  instructions retired
            19421954  cycles elapsed
             1573200  peak memory footprint
[render] restart 2026-04-09 16:06:55 MDT
- The project is out-of-sync -- use `renv::status()` for details.


processing file: ABG-VBG-analysis-2026-2-28.rmarkdown
1/291                                          
2/291 [todo-notes]                             
3/291                                          
4/291 [setup-table-helpers]                    
5/291                                          
6/291 [setup-packages]                         
7/291                                          
8/291 [cohort-flow-helpers]                    
9/291                                          
10/291 [cohort-flow-figure]                     
11/291                                          
12/291 [setup-run-config]                       
13/291                                          
14/291 [setup-diagnostics-output]               
15/291                                          
16/291 [setup-diagnostics-helpers]              
17/291                                          
18/291 [latex-codeblock-risk-scan]              
19/291                                          
20/291 [setup-model-diagrams]                   
21/291                                          
22/291 [setup-shapviz]                          
23/291                                          
24/291 [runtime-hooks]                          
25/291                                          
26/291 [seed-escrow]                            
27/291                                          
28/291 [gt-pdf-helper]                          
29/291                                          
30/291 [stage1-start]                           
31/291                                          
32/291 [load-trinetx-data]                      
33/291                                          
34/291 [propensity-config]                      
35/291                                          
36/291 [build-subset-data]                      
37/291                                          
38/291 [schema-normalize]                       
39/291                                          
40/291 [run-metadata]                           
41/291                                          
42/291 [codebook-export-full]                   
43/291                                          
44/291 [derive-death-60d]                       
45/291                                          
46/291 [death-60d-summary]                      
47/291                                          
48/291 [derive-table1-cohorts]                  
49/291                                          
50/291 [float-barrier-table1abg]                
51/291                                          
52/291 [export-table1a-table1b-word]            
53/291                                          
54/291 [table1-everyone-abg-vbg]                
55/291                                          
56/291 [float-barrier-table1-everyone]          
57/291                                          
58/291 [co2-category-definitions]               
59/291                                          
60/291 [binary-hypercapnia-check]               
61/291                                          
62/291 [tbl2-co2-cohorts]                       
63/291                                          
64/291 [float-barrier-table2]                   
65/291                                          
66/291 [tbl2-outcome-panel]                     
67/291                                          
68/291 [export-table1-tbl2-word]                
69/291                                          
70/291 [or-data-three-level-unweighted]         
71/291                                          
72/291 [supplement-table-s2-crude]              
73/291                                          
74/291 [or-data-three-level-unweighted-post-s2] 
75/291                                          
76/291 [or-plot-three-level-unweighted]         
77/291                                          
78/291 [co2-binned-rates-unweighted]            
79/291                                          
80/291 [rcs-abg-data-prep]                      
81/291                                          
82/291 [rcs-abg-unweighted-models]              
83/291                                          
84/291 [rcs-vbg-data-prep]                      
85/291                                          
86/291 [rcs-vbg-unweighted-models]              
87/291                                          
88/291 [float-barrier-spline-unweighted]        
89/291                                          
90/291 [encode-encounter-type]                  
91/291                                          
92/291 [ipw-abg-weighting]                      
93/291                                          
94/291 [ipw-abg-rcs-models]                     
95/291                                          
96/291 [ipw-abg-rcs-trimmed]                    
97/291                                          
98/291 [ipw-vbg-workflow]                       
99/291                                          
100/291 [ipw-three-level-pco2-all]               
101/291                                          
102/291 [supplement-table-s3-gbm]                
103/291                                          
104/291 [or-data-three-level-weighted-post-s3]   
105/291                                          
106/291 [co2-binned-rates-ipw-nonmi]             
107/291                                          
108/291 [propensity-histograms-conditional]      
109/291                                          
110/291 [propensity-histograms-all]              
111/291                                          
112/291 [shap-top10-ipw-gbm]                     
113/291                                          
114/291 [loveplot-ipw-gbm]                       
115/291                                          
116/291 [shap-top10-ipw-gbm-display]             
117/291                                          
118/291 [stage2-cleanup]                         
119/291                                          
120/291 [mi-packages]                            
121/291                                          
122/291 [mi-settings]                            
123/291                                          
124/291 [mi-missing-summary]                     
125/291                                          
126/291 [mi-ps-helpers]                          
127/291                                          
128/291 [mi-missing-structure]                   
129/291                                          
130/291 [float-barrier-missingness]              
131/291                                          
132/291 [missingness-drivers]                    
133/291                                          
134/291 [mi-prep]                                
135/291                                          
136/291 [type-invariants]                        
137/291                                          
138/291 [mi-exec]                                
139/291                                          
140/291 [mi-mcerror]                             
141/291                                          
142/291 [mi-diagnostics]                         
143/291                                          
144/291 [mi-missing-pattern]                     
145/291                                          
146/291 [mi-imputation-diagnostics]              
147/291                                          
148/291 [mi-mcerr-progress]                      
149/291                                          
150/291 [mi-missing-audit]                       
151/291                                          
152/291 [fail-fast-checks]                       
153/291                                          
154/291 [mi-single-pass]                         
155/291                                          
156/291 [mi-propensity-abg]                      
157/291                                          
158/291 [mi-weight-diagnostics-abg]              
159/291                                          
160/291 [target-balance-helpers]                 
161/291                                          
162/291 [mi-balance-abg]                         
163/291                                          
164/291 [mi-propensity-vbg]                      
165/291                                          
166/291 [mi-weight-diagnostics-vbg]              
167/291                                          
168/291 [mi-balance-vbg]                         
169/291                                          
170/291 [mi-pool-helpers]                        
171/291                                          
172/291 [mi-abg-outcomes]                        
173/291                                          
174/291 [mi-vbg-outcomes]                        
175/291                                          
176/291 [shap-top10-mi-logistic]                 
177/291                                          
178/291 [mi_pco2_threelevel]                     
179/291                                          
180/291 [mi-co2-cat-checks]                      
181/291                                          
182/291 [mi-ipw-abg-threelevel]                  
183/291                                          
184/291 [mi-ipw-vbg-threelevel]                  
185/291                                          
186/291 [table3-ipw-mi-co2]                      
187/291                                          
188/291 [table-summary-adjusted-threelevel]      
189/291                                          
190/291 [key-results-cat3-track-prep]            
191/291                                          
192/291 [key-results-cat3-crude-abg-vbg]         
193/291                                          
194/291 [key-results-cat3-adjusted-abg-vbg]      
195/291                                          
196/291 [key-results-cat3-imputed-abg-vbg]       
197/291                                          
198/291 [key-results-cat3-main-mi-ipw-abg-vbg]   
199/291                                          
200/291 [key-results-cat3-gbm-weighted-abg-vbg]  
201/291                                          
202/291 [stage1-cleanup]                         
203/291                                          
204/291 [co2-binned-rates-mi-ipw]                
205/291                                          
206/291 [manuscript-outputs]                     
207/291                                          
208/291 [mi-threelevel-sanity]                   
209/291                                          
210/291 [ipw-three-level-pco2-mi-abg-vbg]        
211/291                                          
212/291 [ipw-three-level-pco2-mi-abg-vbg-prob]   
213/291                                          
214/291 [mi-propensity-histograms-logistic]      
215/291                                          
216/291 [loveplot-mi-logistic]                   
217/291                                          
218/291 [shap-top10-mi-logistic-display]         
219/291                                          
220/291 [float-barrier-mi-or-plot]               
221/291                                          
222/291 [ipw-rcs-overlay-mi-abg-vbg]             
223/291                                          
224/291 [ipw-rcs-overlay-mi-abg-vbg-prob]        
225/291                                          
226/291 [key-results-track-prep]                 
227/291                                          
228/291 [key-results-spline-crude-abg-vbg]       
229/291                                          
230/291 [key-results-spline-adjusted-abg-vbg]    
231/291                                          
232/291 [key-results-spline-imputed-abg-vbg]     
233/291                                          
234/291 [key-results-spline-main-mi-ipw-abg-vbg] 
235/291                                          
236/291 [key-results-spline-gbm-weighted-abg-vbg]
237/291                                          
238/291 [float-barrier-mi-spline]                
239/291                                          
240/291 [ipw-output-parity]                      
241/291                                          
242/291 [key-results-output-audit]               
243/291                                          
244/291 [supplement-artifact-manifest]           
245/291                                          
246/291 [manuscript-asset-audit]                 
247/291                                          
248/291 [supplement-artifact-assertions]         
249/291                                          
250/291 [diagnostics-inputs]                     
251/291                                          
252/291 [diagnostics-missingness]                
253/291                                          
254/291 [diagnostics-mi-convergence]             
255/291                                          
256/291 [diagnostics-mi-stability]               
257/291                                          
258/291 [diagnostics-mi-maxit]                   
259/291                                          
260/291 [diagnostics-weights]                    
261/291                                          
262/291 [diagnostics-balance]                    
263/291                                          
264/291 [diagnostics-outcome]                    
265/291                                          
266/291 [diagnostics-summary]                    
267/291                                          
268/291 [warnings-summary]                       
269/291                                          
270/291 [mi-nonconvergence-summary]              
271/291                                          
272/291 [runtime-log-export]                     
273/291                                          
274/291 [diagnostics-completeness]               
275/291                                          
276/291 [diagnostics-audit-run]                  
277/291                                          
278/291 [diagnostics-audit-summary]              
279/291                                          
280/291 [mi-save-exports]                        
281/291                                          
282/291 [mi-session]                             
283/291                                          
284/291 [software-statement]                     
285/291                                          
286/291 [pdf-hygiene-scan]                       
287/291                                          
288/291 [numbering-hygiene-scan]                 
289/291                                          
290/291 [mi-transient-cleanup]                   
291/291                                          
output file: ABG-VBG-analysis-2026-2-28.knit.md

pandoc 
  to: latex
  output-file: ABG-VBG-analysis-2026-2-28.tex
  standalone: true
  pdf-engine: lualatex
  variables:
    graphics: true
    tables: true
  default-image-extension: pdf
  toc: true
  number-sections: true
  
metadata
  documentclass: scrartcl
  classoption:
    - DIV=11
    - numbers=noendperiod
  papersize: letter
  header-includes:
    - \KOMAoption{captions}{tableheading}
    - \usepackage{float}
    - \usepackage{placeins}
  block-headings: true
  title: ABG‑VBG Analysis
  author: Brian Locke, Anila Mehta
  editor: visual
  output-dir: .
  fontsize: 11pt
  mainfont: Latin Modern Roman
  code-block-bg: false
  geometry:
    - landscape
    - margin=0.8in
  
[33mWARNING (/Applications/quarto/share/filters/main.lua:17189) Raw LaTeX table found with non-tbl label: tab:seed-escrow
Won't be able to cross-reference this table using Quarto's native crossref system.
[39m[33mWARNING (/Applications/quarto/share/filters/main.lua:17189) Raw LaTeX table found with non-tbl label: tab:schema-normalize
Won't be able to cross-reference this table using Quarto's native crossref system.
[39m[33mWARNING (/Applications/quarto/share/filters/main.lua:17189) Raw LaTeX table found with non-tbl label: tab:run-metadata
Won't be able to cross-reference this table using Quarto's native crossref system.
[39m[33mWARNING (/Applications/quarto/share/filters/main.lua:17189) Raw LaTeX table found with non-tbl label: tab:run-metadata
Won't be able to cross-reference this table using Quarto's native crossref system.
[39m[33mWARNING (/Applications/quarto/share/filters/main.lua:17189) Raw LaTeX table found with non-tbl label: tab:derive-table1-cohorts
Won't be able to cross-reference this table using Quarto's native crossref system.
[39m[33mWARNING (/Applications/quarto/share/filters/main.lua:17189) Raw LaTeX table found with non-tbl label: tab:derive-table1-cohorts
Won't be able to cross-reference this table using Quarto's native crossref system.
[39m[33mWARNING (/Applications/quarto/share/filters/main.lua:17189) Raw LaTeX table found with non-tbl label: tab:table1-everyone-abg-vbg
Won't be able to cross-reference this table using Quarto's native crossref system.
[39m[33mWARNING (/Applications/quarto/share/filters/main.lua:17189) Raw LaTeX table found with non-tbl label: tab:table1-everyone-abg-vbg
Won't be able to cross-reference this table using Quarto's native crossref system.
[39m[33mWARNING (/Applications/quarto/share/filters/main.lua:17189) Raw LaTeX table found with non-tbl label: tab:tbl2-co2-cohorts
Won't be able to cross-reference this table using Quarto's native crossref system.
[39m[33mWARNING (/Applications/quarto/share/filters/main.lua:17189) Raw LaTeX table found with non-tbl label: tab:tbl2-co2-cohorts
Won't be able to cross-reference this table using Quarto's native crossref system.
[39m[33mWARNING (/Applications/quarto/share/filters/main.lua:17189) Raw LaTeX table found with non-tbl label: tab:table-summary-adjusted-threelevel
Won't be able to cross-reference this table using Quarto's native crossref system.
[39m[33mWARNING (/Applications/quarto/share/filters/main.lua:17189) Raw LaTeX table found with non-tbl label: tab:table-summary-adjusted-threelevel
Won't be able to cross-reference this table using Quarto's native crossref system.
[39m[33mWARNING (/Applications/quarto/share/filters/main.lua:17189) Raw LaTeX table found with non-tbl label: tab:table-summary-adjusted-threelevel
Won't be able to cross-reference this table using Quarto's native crossref system.
[39m[33mWARNING (/Applications/quarto/share/filters/main.lua:17189) Raw LaTeX table found with non-tbl label: tab:table-summary-adjusted-threelevel
Won't be able to cross-reference this table using Quarto's native crossref system.
[39m[33mWARNING (/Applications/quarto/share/filters/main.lua:17189) Raw LaTeX table found with non-tbl label: tab:table-summary-adjusted-threelevel
Won't be able to cross-reference this table using Quarto's native crossref system.
[39m[33mWARNING (/Applications/quarto/share/filters/main.lua:17189) Raw LaTeX table found with non-tbl label: tab:table-summary-adjusted-threelevel
Won't be able to cross-reference this table using Quarto's native crossref system.
[39m[33mWARNING (/Applications/quarto/share/filters/main.lua:17189) Raw LaTeX table found with non-tbl label: tab:table-summary-adjusted-threelevel
Won't be able to cross-reference this table using Quarto's native crossref system.
[39m[33mWARNING (/Applications/quarto/share/filters/main.lua:17189) Raw LaTeX table found with non-tbl label: tab:table-summary-adjusted-threelevel
Won't be able to cross-reference this table using Quarto's native crossref system.
[39m[33mWARNING (/Applications/quarto/share/filters/main.lua:17189) Raw LaTeX table found with non-tbl label: tab:manuscript-asset-audit
Won't be able to cross-reference this table using Quarto's native crossref system.
[39m
Rendering PDF
running lualatex - 1
  This is LuaHBTeX, Version 1.22.0 (TeX Live 2025) 
   restricted system commands enabled.
  
running lualatex - 2
  This is LuaHBTeX, Version 1.22.0 (TeX Live 2025) 
   restricted system commands enabled.
  

Output created: ABG-VBG-analysis-2026-2-28.pdf

      582.47 real       556.54 user        19.87 sys
          8372846592  maximum resident set size
                   0  average shared memory size
                   0  average unshared data size
                   0  average unshared stack size
             3506044  page reclaims
               11035  page faults
                   0  swaps
                   0  block input operations
                   0  block output operations
                  21  messages sent
                  17  messages received
                  14  signals received
                5479  voluntary context switches
              732497  involuntary context switches
            26792897  instructions retired
            11524334  cycles elapsed
             1573200  peak memory footprint
