- The project is out-of-sync -- use `renv::status()` for details.


processing file: ABG-VBG-analysis-2026-2-28.rmarkdown
1/293                                          
2/293 [todo-notes]                             
3/293                                          
4/293 [setup-table-helpers]                    
5/293                                          
6/293 [setup-packages]                         
7/293                                          
8/293 [cohort-flow-helpers]                    
9/293                                          
10/293 [cohort-flow-figure]                     
11/293                                          
12/293 [setup-run-config]                       
13/293                                          
14/293 [setup-diagnostics-output]               
15/293                                          
16/293 [setup-diagnostics-helpers]              
17/293                                          
18/293 [latex-codeblock-risk-scan]              
19/293                                          
20/293 [setup-model-diagrams]                   
21/293                                          
22/293 [setup-shapviz]                          
23/293                                          
24/293 [runtime-hooks]                          
25/293                                          
26/293 [seed-escrow]                            
27/293                                          
28/293 [gt-pdf-helper]                          
29/293                                          
30/293 [stage1-start]                           
31/293                                          
32/293 [load-trinetx-data]                      
33/293                                          
34/293 [propensity-config]                      
35/293                                          
36/293 [build-subset-data]                      
37/293                                          
38/293 [schema-normalize]                       
39/293                                          
40/293 [run-metadata]                           
41/293                                          
42/293 [codebook-export-full]                   
43/293                                          
44/293 [derive-death-60d]                       
45/293                                          
46/293 [death-60d-summary]                      
47/293                                          
48/293 [derive-table1-cohorts]                  
49/293                                          
50/293 [float-barrier-table1abg]                
51/293                                          
52/293 [export-table1a-table1b-word]            
53/293                                          
54/293 [table1-everyone-abg-vbg]                
55/293                                          
56/293 [float-barrier-table1-everyone]          
57/293                                          
58/293 [co2-category-definitions]               
59/293                                          
60/293 [binary-hypercapnia-check]               
61/293                                          
62/293 [tbl2-co2-cohorts]                       
63/293                                          
64/293 [float-barrier-table2]                   
65/293                                          
66/293 [tbl2-outcome-panel]                     
67/293                                          
68/293 [export-table1-tbl2-word]                
69/293                                          
70/293 [or-data-three-level-unweighted]         
71/293                                          
72/293 [supplement-table-s2-crude]              
73/293                                          
74/293 [or-data-three-level-unweighted-post-s2] 
75/293                                          
76/293 [or-plot-three-level-unweighted]         
77/293                                          
78/293 [co2-binned-rates-unweighted]            
79/293                                          
80/293 [rcs-abg-data-prep]                      
81/293                                          
82/293 [rcs-abg-unweighted-models]              
83/293                                          
84/293 [rcs-vbg-data-prep]                      
85/293                                          
86/293 [rcs-vbg-unweighted-models]              
87/293                                          
88/293 [float-barrier-spline-unweighted]        
89/293                                          
90/293 [encode-encounter-type]                  
91/293                                          
92/293 [ipw-abg-weighting]                      
93/293                                          
94/293 [ipw-abg-rcs-models]                     
95/293                                          
96/293 [ipw-abg-rcs-trimmed]                    
97/293                                          
98/293 [ipw-vbg-workflow]                       
99/293                                          
100/293 [ipw-three-level-pco2-all]               
101/293                                          
102/293 [supplement-table-s3-gbm]                
103/293                                          
104/293 [or-data-three-level-weighted-post-s3]   
105/293                                          
106/293 [co2-binned-rates-ipw-nonmi]             
107/293                                          
108/293 [propensity-histograms-conditional]      
109/293                                          
110/293 [propensity-histograms-all]              
111/293                                          
112/293 [shap-top10-ipw-gbm]                     
113/293                                          
114/293 [loveplot-ipw-gbm]                       
115/293                                          
116/293 [shap-top10-ipw-gbm-display]             
117/293                                          
118/293 [stage2-cleanup]                         
119/293                                          
120/293 [mi-packages]                            
121/293                                          
122/293 [mi-settings]                            
123/293                                          
124/293 [mi-missing-summary]                     
125/293                                          
126/293 [mi-ps-helpers]                          
127/293                                          
128/293 [mi-missing-structure]                   
129/293                                          
130/293 [float-barrier-missingness]              
131/293                                          
132/293 [missingness-drivers]                    
133/293                                          
134/293 [mi-prep]                                
135/293                                          
136/293 [type-invariants]                        
137/293                                          
138/293 [mi-exec]                                
139/293                                          
140/293 [mi-mcerror]                             
141/293                                          
142/293 [mi-diagnostics]                         
143/293                                          
144/293 [mi-missing-pattern]                     
145/293                                          
146/293 [mi-imputation-diagnostics]              
147/293                                          
148/293 [mi-mcerr-progress]                      
149/293                                          
150/293 [mi-missing-audit]                       
151/293                                          
152/293 [fail-fast-checks]                       
153/293                                          
154/293 [mi-single-pass]                         
155/293                                          
156/293 [mi-propensity-abg]                      
157/293                                          
158/293 [mi-weight-diagnostics-abg]              
159/293                                          
160/293 [target-balance-helpers]                 
161/293                                          
162/293 [mi-balance-abg]                         
163/293                                          
164/293 [mi-propensity-vbg]                      
165/293                                          
166/293 [mi-weight-diagnostics-vbg]              
167/293                                          
168/293 [mi-balance-vbg]                         
169/293                                          
170/293 [mi-pool-helpers]                        
171/293                                          
172/293 [mi-abg-outcomes]                        
173/293                                          
174/293 [mi-vbg-outcomes]                        
175/293                                          
176/293 [shap-top10-mi-logistic]                 
177/293                                          
178/293 [mi_pco2_threelevel]                     
179/293                                          
180/293 [mi-co2-cat-checks]                      
181/293                                          
182/293 [mi-ipw-abg-threelevel]                  
183/293                                          
184/293 [mi-ipw-vbg-threelevel]                  
185/293                                          
186/293 [table3-ipw-mi-co2]                      
187/293                                          
188/293 [table-summary-adjusted-threelevel]      
189/293                                          
190/293 [key-results-cat3-track-prep]            
191/293                                          
192/293 [key-results-cat3-crude-abg-vbg]         
193/293                                          
194/293 [key-results-cat3-adjusted-abg-vbg]      
195/293                                          
196/293 [key-results-cat3-imputed-abg-vbg]       
197/293                                          
198/293 [key-results-cat3-main-mi-ipw-abg-vbg]   
199/293                                          
200/293 [key-results-cat3-gbm-weighted-abg-vbg]  
201/293                                          
202/293 [stage1-cleanup]                         
203/293                                          
204/293 [co2-binned-rates-mi-ipw]                
205/293                                          
206/293 [manuscript-outputs]                     
207/293                                          
208/293 [mi-threelevel-sanity]                   
209/293                                          
210/293 [ipw-three-level-pco2-mi-abg-vbg]        
211/293                                          
212/293 [ipw-three-level-pco2-mi-abg-vbg-prob]   
213/293                                          
214/293 [mi-propensity-histograms-logistic]      
215/293                                          
216/293 [loveplot-mi-logistic]                   
217/293                                          
218/293 [shap-top10-mi-logistic-display]         
219/293                                          
220/293 [float-barrier-mi-or-plot]               
221/293                                          
222/293 [ipw-rcs-overlay-mi-abg-vbg]             
223/293                                          
224/293 [ipw-rcs-overlay-mi-abg-vbg-prob]        
225/293                                          
226/293 [key-results-track-prep]                 
227/293                                          
228/293 [key-results-spline-crude-abg-vbg]       
229/293                                          
230/293 [key-results-spline-adjusted-abg-vbg]    
231/293                                          
232/293 [key-results-spline-imputed-abg-vbg]     
233/293                                          
234/293 [key-results-spline-main-mi-ipw-abg-vbg] 
235/293                                          
236/293 [key-results-spline-gbm-weighted-abg-vbg]
237/293                                          
238/293 [float-barrier-mi-spline]                
239/293                                          
240/293 [ipw-output-parity]                      
241/293                                          
242/293 [key-results-output-audit]               
243/293                                          
244/293 [supplement-artifact-manifest]           
245/293                                          
246/293 [manuscript-facing-display]              
247/293                                          
248/293 [manuscript-asset-audit]                 
249/293                                          
250/293 [supplement-artifact-assertions]         
251/293                                          
252/293 [diagnostics-inputs]                     
253/293                                          
254/293 [diagnostics-missingness]                
255/293                                          
256/293 [diagnostics-mi-convergence]             
257/293                                          
258/293 [diagnostics-mi-stability]               
259/293                                          
260/293 [diagnostics-mi-maxit]                   
261/293                                          
262/293 [diagnostics-weights]                    
263/293                                          
264/293 [diagnostics-balance]                    
265/293                                          
266/293 [diagnostics-outcome]                    
267/293                                          
268/293 [diagnostics-summary]                    
269/293                                          
270/293 [warnings-summary]                       
271/293                                          
272/293 [mi-nonconvergence-summary]              
273/293                                          
274/293 [runtime-log-export]                     
275/293                                          
276/293 [diagnostics-completeness]               
277/293                                          
278/293 [diagnostics-audit-run]                  
279/293                                          
280/293 [diagnostics-audit-summary]              
281/293                                          
282/293 [mi-save-exports]                        
283/293                                          
284/293 [mi-session]                             
285/293                                          
286/293 [software-statement]                     
287/293                                          
288/293 [pdf-hygiene-scan]                       
Error:
! PDF hygiene scan detected absolute paths; see /Users/reblocke/Research/abg-vbg-project/Results/pdf_hygiene_scan.csv

Quitting from ABG-VBG-analysis-2026-2-28.rmarkdown:14171-14232 [pdf-hygiene-scan]
Execution halted
WARN: Error encountered when rendering files
    46092.42 real     31420.50 user      2996.26 sys
          8574517248  maximum resident set size
                   0  average shared memory size
                   0  average unshared data size
                   0  average unshared stack size
          1456046584  page reclaims
                6198  page faults
                   0  swaps
                   0  block input operations
                   1  block output operations
                  18  messages sent
                  14  messages received
                   9  signals received
               39786  voluntary context switches
            23126302  involuntary context switches
            38723048  instructions retired
            20814253  cycles elapsed
             1327392  peak memory footprint
