[render:start] 2026-04-15 20:40:09 -0700
[render:qmd] /Users/blocke/Box Sync/Residency Personal Files/Scholarly Work/Locke Research Projects/abg-vbg-project/Code Drafts/ABG-VBG analysis 2026-2-28.qmd
[render:log] /Users/blocke/Box Sync/Residency Personal Files/Scholarly Work/Locke Research Projects/abg-vbg-project/Results/render_logs/render_20260415_204009.log
[render:pdf_target] /Users/blocke/Box Sync/Residency Personal Files/Scholarly Work/Locke Research Projects/abg-vbg-project/Code Drafts/ABG-VBG-analysis-2026-2-28.pdf
[render:args] -P run_mode:pilot -P pilot_frac:0.01
[render:root] /Users/blocke/Box Sync/Residency Personal Files/Scholarly Work/Locke Research Projects/abg-vbg-project
[render:preflight] check_env
Starting environment preflight...
Environment preflight passed.
[render:preflight] check_dependencies
Dependency audit targets:
- /Users/blocke/Box Sync/Residency Personal Files/Scholarly Work/Locke Research Projects/abg-vbg-project/Code Drafts/ABG-VBG analysis 2026-2-28.qmd
- /Users/blocke/Box Sync/Residency Personal Files/Scholarly Work/Locke Research Projects/abg-vbg-project/scripts/check_env.R
- /Users/blocke/Box Sync/Residency Personal Files/Scholarly Work/Locke Research Projects/abg-vbg-project/scripts/check_dependencies.R

Dependency audit note (renv::dependencies only):
- rmarkdown
- shiny

Dependency audit passed for 44 declared direct packages.
[render:quarto] begin
[render:cwd] /Users/blocke/Box Sync/Residency Personal Files/Scholarly Work/Locke Research Projects/abg-vbg-project


processing file: ABG-VBG-analysis-2026-2-28.rmarkdown
1/299                                          
2/299 [todo-notes]                             
3/299                                          
4/299 [setup-table-helpers]                    
5/299                                          
6/299 [setup-packages]                         
7/299                                          
8/299 [cohort-flow-helpers]                    
9/299                                          
10/299 [cohort-flow-figure]                     
11/299                                          
12/299 [setup-run-config]                       
13/299                                          
14/299 [setup-diagnostics-output]               
15/299                                          
16/299 [setup-diagnostics-helpers]              
17/299                                          
18/299 [latex-codeblock-risk-scan]              
19/299                                          
20/299 [setup-model-diagrams]                   
21/299                                          
22/299 [setup-shapviz]                          
23/299                                          
24/299 [runtime-hooks]                          
25/299                                          
26/299 [seed-escrow]                            
27/299                                          
28/299 [gt-pdf-helper]                          
29/299                                          
30/299 [stage1-start]                           
31/299                                          
32/299 [load-trinetx-data]                      
33/299                                          
34/299 [propensity-config]                      
35/299                                          
36/299 [build-subset-data]                      
37/299                                          
38/299 [schema-normalize]                       
39/299                                          
40/299 [machine-resource-controls]              
41/299                                          
42/299 [run-metadata]                           
43/299                                          
44/299 [codebook-export-full]                   
45/299                                          
46/299 [derive-death-60d]                       
47/299                                          
48/299 [death-60d-summary]                      
49/299                                          
50/299 [derive-table1-cohorts]                  
51/299                                          
52/299 [float-barrier-table1abg]                
53/299                                          
54/299 [export-table1a-table1b-word]            
55/299                                          
56/299 [table1-everyone-abg-vbg]                
57/299                                          
58/299 [float-barrier-table1-everyone]          
59/299                                          
60/299 [co2-category-definitions]               
61/299                                          
62/299 [binary-hypercapnia-check]               
63/299                                          
64/299 [tbl2-co2-cohorts]                       
65/299                                          
66/299 [float-barrier-table2]                   
67/299                                          
68/299 [tbl2-outcome-panel]                     
69/299                                          
70/299 [export-table1-tbl2-word]                
71/299                                          
72/299 [or-data-three-level-unweighted]         
73/299                                          
74/299 [supplement-table-s2-crude]              
75/299                                          
76/299 [or-data-three-level-unweighted-post-s2] 
77/299                                          
78/299 [or-plot-three-level-unweighted]         
79/299                                          
80/299 [co2-binned-rates-unweighted]            
81/299                                          
82/299 [rcs-abg-data-prep]                      
83/299                                          
84/299 [rcs-abg-unweighted-models]              
85/299                                          
86/299 [rcs-vbg-data-prep]                      
87/299                                          
88/299 [rcs-vbg-unweighted-models]              
89/299                                          
90/299 [float-barrier-spline-unweighted]        
91/299                                          
92/299 [encode-encounter-type]                  
93/299                                          
94/299 [ipw-abg-weighting]                      
95/299                                          
96/299 [ipw-abg-rcs-models]                     
97/299                                          
98/299 [ipw-abg-rcs-trimmed]                    
99/299                                          
100/299 [ipw-vbg-workflow]                       
101/299                                          
102/299 [ipw-three-level-pco2-all]               
103/299                                          
104/299 [supplement-table-s3-gbm]                
105/299                                          
106/299 [or-data-three-level-weighted-post-s3]   
107/299                                          
108/299 [co2-binned-rates-ipw-nonmi]             
109/299                                          
110/299 [propensity-histograms-conditional]      
111/299                                          
112/299 [propensity-histograms-all]              
113/299                                          
114/299 [shap-top10-ipw-gbm]                     
115/299                                          
116/299 [loveplot-ipw-gbm]                       
117/299                                          
118/299 [shap-top10-ipw-gbm-display]             
119/299                                          
120/299 [stage2-cleanup]                         
121/299                                          
122/299 [mi-packages]                            
123/299                                          
124/299 [mi-settings]                            
125/299                                          
126/299 [mi-missing-summary]                     
127/299                                          
128/299 [mi-ps-helpers]                          
129/299                                          
130/299 [mi-missing-structure]                   
131/299                                          
132/299 [float-barrier-missingness]              
133/299                                          
134/299 [missingness-drivers]                    
135/299                                          
136/299 [mi-prep]                                
137/299                                          
138/299 [type-invariants]                        
139/299                                          
140/299 [mi-exec]                                
141/299                                          
142/299 [mi-mcerror]                             
143/299                                          
144/299 [mi-diagnostics]                         
145/299                                          
146/299 [mi-missing-pattern]                     
147/299                                          
148/299 [mi-imputation-diagnostics]              
149/299                                          
150/299 [mi-mcerr-progress]                      
151/299                                          
152/299 [mi-missing-audit]                       
153/299                                          
154/299 [fail-fast-checks]                       
155/299                                          
156/299 [mi-single-pass]                         
157/299                                          
158/299 [mi-propensity-abg]                      
159/299                                          
160/299 [mi-weight-diagnostics-abg]              
161/299                                          
162/299 [target-balance-helpers]                 
163/299                                          
164/299 [mi-balance-abg]                         
165/299                                          
166/299 [mi-propensity-vbg]                      
167/299                                          
168/299 [mi-weight-diagnostics-vbg]              
169/299                                          
170/299 [mi-balance-vbg]                         
171/299                                          
172/299 [mi-pool-helpers]                        
173/299                                          
174/299 [mi-abg-outcomes]                        
175/299                                          
176/299 [mi-vbg-outcomes]                        
177/299                                          
178/299 [shap-top10-mi-logistic]                 
179/299                                          
180/299 [mi_pco2_threelevel]                     
181/299                                          
182/299 [mi-co2-cat-checks]                      
183/299                                          
184/299 [mi-ipw-abg-threelevel]                  
185/299                                          
186/299 [mi-ipw-vbg-threelevel]                  
187/299                                          
188/299 [table3-ipw-mi-co2]                      
189/299                                          
190/299 [table-summary-adjusted-threelevel]      
191/299                                          
192/299 [key-results-cat3-track-prep]            
193/299                                          
194/299 [key-results-cat3-crude-abg-vbg]         
195/299                                          
196/299 [key-results-cat3-adjusted-abg-vbg]      
197/299                                          
198/299 [key-results-cat3-imputed-abg-vbg]       
199/299                                          
200/299 [key-results-cat3-main-mi-ipw-abg-vbg]   
201/299                                          
202/299 [key-results-cat3-gbm-weighted-abg-vbg]  
203/299                                          
204/299 [stage1-cleanup]                         
205/299                                          
206/299 [co2-binned-rates-mi-ipw]                
207/299                                          
208/299 [manuscript-outputs]                     
209/299                                          
210/299 [mi-threelevel-sanity]                   
211/299                                          
212/299 [ipw-three-level-pco2-mi-abg-vbg]        
213/299                                          
214/299 [ipw-three-level-pco2-mi-abg-vbg-prob]   
215/299                                          
216/299 [mi-propensity-histograms-logistic]      
217/299                                          
218/299 [loveplot-mi-logistic]                   
219/299                                          
220/299 [shap-top10-mi-logistic-display]         
221/299                                          
222/299 [float-barrier-mi-or-plot]               
223/299                                          
224/299 [ipw-rcs-overlay-mi-abg-vbg]             
225/299                                          
226/299 [ipw-rcs-overlay-mi-abg-vbg-prob]        
227/299                                          
228/299 [key-results-track-prep]                 
229/299                                          
230/299 [key-results-spline-crude-abg-vbg]       
231/299                                          
232/299 [key-results-spline-adjusted-abg-vbg]    
233/299                                          
234/299 [key-results-spline-imputed-abg-vbg]     
235/299                                          
236/299 [key-results-spline-main-mi-ipw-abg-vbg] 
237/299                                          
238/299 [key-results-spline-gbm-weighted-abg-vbg]
239/299                                          
240/299 [float-barrier-mi-spline]                
241/299                                          
242/299 [ipw-output-parity]                      
243/299                                          
244/299 [key-results-output-audit]               
245/299                                          
246/299 [supplement-artifact-manifest]           
247/299                                          
248/299 [manuscript-facing-display]              
249/299                                          
250/299 [manuscript-asset-audit]                 
251/299                                          
252/299 [supplement-artifact-assertions]         
253/299                                          
254/299 [diagnostics-inputs]                     
255/299                                          
256/299 [diagnostics-missingness]                
257/299                                          
258/299 [diagnostics-mi-convergence]             
259/299                                          
260/299 [diagnostics-mi-stability]               
261/299                                          
262/299 [diagnostics-mi-maxit]                   
263/299                                          
264/299 [diagnostics-weights]                    
265/299                                          
266/299 [diagnostics-balance]                    
267/299                                          
268/299 [diagnostics-outcome]                    
269/299                                          
270/299 [diagnostics-summary]                    
271/299                                          
272/299 [warnings-summary]                       
273/299                                          
274/299 [mi-nonconvergence-summary]              
275/299                                          
276/299 [runtime-log-export]                     
277/299                                          
278/299 [diagnostics-completeness]               
279/299                                          
280/299 [diagnostics-audit-run]                  
281/299                                          
282/299 [diagnostics-audit-summary]              
283/299                                          
284/299 [validation-build-summary]               
285/299                                          
286/299 [mi-save-exports]                        
287/299                                          
288/299 [mi-session]                             
289/299                                          
290/299 [software-statement]                     
291/299                                          
292/299 [render-path-hygiene-scan]               
293/299                                          
294/299 [pdf-hygiene-scan]                       
295/299                                          
296/299 [numbering-hygiene-scan]                 
297/299                                          
298/299 [mi-transient-cleanup]                   
299/299                                          
output file: ABG-VBG-analysis-2026-2-28.knit.md

pandoc 
  to: latex
  output-file: ABG-VBG-analysis-2026-2-28.tex
  standalone: true
  pdf-engine: lualatex
  variables:
    graphics: true
    tables: true
  default-image-extension: pdf
  toc: true
  number-sections: true
  pdf-engine-opts:
    - '--cnf-line=dest_names_size=300000'
  
metadata
  documentclass: scrartcl
  classoption:
    - DIV=11
    - numbers=noendperiod
  papersize: letter
  header-includes:
    - \KOMAoption{captions}{tableheading}
    - \usepackage{float}
    - \usepackage{placeins}
    - \graphicspath{{../}{./}}
  block-headings: true
  engines:
    - path: /Applications/quarto/share/extension-subtrees/julia-engine/_extensions/julia-engine/julia-engine.js
  title: ABG‑VBG Analysis
  author: Brian Locke, Anila Mehta
  editor: visual
  fontsize: 11pt
  hyperrefoptions:
    - draft
  mainfont: Latin Modern Roman
  code-block-bg: false
  geometry:
    - landscape
    - margin=0.8in
  

Rendering PDF
running lualatex - 1
  This is LuaHBTeX, Version 1.22.0 (TeX Live 2025) 
   restricted system commands enabled.
  
updating tlmgr

updating existing packages
ERROR: 
compilation failed- error
LaTeX Error: Environment Shaded undefined.

See the LaTeX manual or LaTeX Companion for explanation.
Type  H <return>  for immediate help.
 ...                                              
                                                  
l.115 ...ramed.sty}{\renewenvironment{Shaded}{}{}}{}
                                                  


see Code Drafts/ABG-VBG-analysis-2026-2-28.log for more information.
WARN: Error encountered when rendering files
      773.35 real       462.57 user       178.57 sys
          1874132992  maximum resident set size
                   0  average shared memory size
                   0  average unshared data size
                   0  average unshared stack size
            39485153  page reclaims
               29901  page faults
                   0  swaps
                   0  block input operations
                   0  block output operations
                  49  messages sent
                1343  messages received
                  13  signals received
               39706  voluntary context switches
             3921160  involuntary context switches
            38378195  instructions retired
            18493722  cycles elapsed
             1392976  peak memory footprint
[render:end] 2026-04-15 20:53:06 -0700
[render:status] 1
[render:log] /Users/blocke/Box Sync/Residency Personal Files/Scholarly Work/Locke Research Projects/abg-vbg-project/Results/render_logs/render_20260415_204009.log
