[render:start] 2026-04-21 18:25:18 -0600
[render:qmd] /Users/reblocke/Research/abg-vbg-project/Code Drafts/ABG-VBG analysis 2026-4-21.qmd
[render:log] /Users/reblocke/Research/abg-vbg-project/Results/render_logs/render_20260421_182518.log
[render:pdf_target] /Users/reblocke/Research/abg-vbg-project/Code Drafts/ABG-VBG-analysis-2026-4-21.pdf
[render:wrapper_pid] 23747
[render:archive] moved /Users/reblocke/Research/abg-vbg-project/Results/mice_batches_log.csv -> /Users/reblocke/Research/abg-vbg-project/Results/archive/pre_run_20260421_182518/mice_batches_log.csv
[render:archive] moved /Users/reblocke/Research/abg-vbg-project/Results/mice_combine_log.csv -> /Users/reblocke/Research/abg-vbg-project/Results/archive/pre_run_20260421_182518/mice_combine_log.csv
[render:archive] moved /Users/reblocke/Research/abg-vbg-project/Results/mi_batch_context.rds -> /Users/reblocke/Research/abg-vbg-project/Results/archive/pre_run_20260421_182518/mi_batch_context.rds
[render:archive] moved /Users/reblocke/Research/abg-vbg-project/Results/mi_batch_checkpoints -> /Users/reblocke/Research/abg-vbg-project/Results/archive/pre_run_20260421_182518/mi_batch_checkpoints
[render:archive] moved /Users/reblocke/Research/abg-vbg-project/Results/mi_run_status_20260421_121033.json -> /Users/reblocke/Research/abg-vbg-project/Results/archive/pre_run_20260421_182518/mi_run_status_20260421_121033.json
[render:archive] moved /Users/reblocke/Research/abg-vbg-project/Results/render_logs/postmortem_20260421_121033.md -> /Users/reblocke/Research/abg-vbg-project/Results/archive/pre_run_20260421_182518/render_logs/postmortem_20260421_121033.md
[render:archive] moved /Users/reblocke/Research/abg-vbg-project/Results/render_logs/rss_trace_20260421_121033.csv -> /Users/reblocke/Research/abg-vbg-project/Results/archive/pre_run_20260421_182518/render_logs/rss_trace_20260421_121033.csv
[render:cleanup] removed stale /Users/reblocke/Research/abg-vbg-project/Code Drafts/ABG-VBG-analysis-2026-4-21.tex
[render:cleanup] removed stale /Users/reblocke/Research/abg-vbg-project/Code Drafts/ABG-VBG-analysis-2026-4-21.pdf
[render:root] /Users/reblocke/Research/abg-vbg-project
[render:preflight] check_env
Starting environment preflight...
The following package(s) are out of sync [lockfile != library]:

# CRAN -----------------------------------------------------------------------
- lattice    [0.22-7 != 0.22-9]
- survival   [3.8-3 != 3.8-6]

See `?renv::status` for advice on resolving these issues. 
Warning: Environment preflight warning: renv reports lockfile/library drift on this machine, but all declared direct dependencies are installed. Continue to the dependency audit and pilot render, then run `Rscript --vanilla -e "source('renv/activate.R'); renv::snapshot(prompt = FALSE)"` after the validated render to record the working state.
Environment preflight passed with lockfile-drift warning.
[render:preflight] check_dependencies
Dependency audit targets:
- /Users/reblocke/Research/abg-vbg-project/Code Drafts/ABG-VBG analysis 2026-4-21.qmd
- /Users/reblocke/Research/abg-vbg-project/scripts/check_env.R
- /Users/reblocke/Research/abg-vbg-project/scripts/check_dependencies.R

Dependency audit note (renv::dependencies only):
- rmarkdown
- shiny

Dependency audit passed for 44 declared direct packages.
[render:quarto] begin
[render:cwd] /Users/reblocke/Research/abg-vbg-project
[render:rss_trace] /Users/reblocke/Research/abg-vbg-project/Results/render_logs/rss_trace_20260421_182518.csv
[render:rss_sampler_pid] 23822
./scripts/render_pdf.sh: line 288: QUARTO_ARGS[@]: unbound variable
[render:end] 2026-04-21 18:25:21 -0600
[render:status] 1
[render:log] /Users/reblocke/Research/abg-vbg-project/Results/render_logs/render_20260421_182518.log
[collect_render_postmortem] wrote /Users/reblocke/Research/abg-vbg-project/Results/render_logs/postmortem_20260421_182518.md
[collect_render_postmortem] wrote /Users/reblocke/Research/abg-vbg-project/Results/mi_run_status_20260421_182518.json
