[render:start] 2026-04-23 07:00:50 -0600
[render:qmd] /Users/reblocke/Research/abg-vbg-project/Code Drafts/ABG-VBG analysis 2026-4-21.qmd
[render:log] /Users/reblocke/Research/abg-vbg-project/Results/render_logs/render_20260423_070050.log
[render:pdf_target] /Users/reblocke/Research/abg-vbg-project/Code Drafts/ABG-VBG-analysis-2026-4-21.pdf
[render:wrapper_pid] 40971
[render:args] -P run_mode:pilot -P pilot_frac:0.25
[render:archive] moved /Users/reblocke/Research/abg-vbg-project/Results/mice_batches_log.csv -> /Users/reblocke/Research/abg-vbg-project/Results/archive/pre_run_20260423_070050/mice_batches_log.csv
[render:archive] moved /Users/reblocke/Research/abg-vbg-project/Results/mice_combine_log.csv -> /Users/reblocke/Research/abg-vbg-project/Results/archive/pre_run_20260423_070050/mice_combine_log.csv
[render:archive] moved /Users/reblocke/Research/abg-vbg-project/Results/mi_batch_context.rds -> /Users/reblocke/Research/abg-vbg-project/Results/archive/pre_run_20260423_070050/mi_batch_context.rds
[render:archive] moved /Users/reblocke/Research/abg-vbg-project/Results/mi_batch_checkpoints -> /Users/reblocke/Research/abg-vbg-project/Results/archive/pre_run_20260423_070050/mi_batch_checkpoints
[render:archive] moved /Users/reblocke/Research/abg-vbg-project/Results/mi_run_status_20260423_065114.json -> /Users/reblocke/Research/abg-vbg-project/Results/archive/pre_run_20260423_070050/mi_run_status_20260423_065114.json
[render:archive] moved /Users/reblocke/Research/abg-vbg-project/Results/render_logs/postmortem_20260423_065114.md -> /Users/reblocke/Research/abg-vbg-project/Results/archive/pre_run_20260423_070050/render_logs/postmortem_20260423_065114.md
[render:archive] moved /Users/reblocke/Research/abg-vbg-project/Results/render_logs/rss_trace_20260423_065114.csv -> /Users/reblocke/Research/abg-vbg-project/Results/archive/pre_run_20260423_070050/render_logs/rss_trace_20260423_065114.csv
[render:cleanup] removed stale /Users/reblocke/Research/abg-vbg-project/Code Drafts/ABG-VBG-analysis-2026-4-21.tex
[render:cleanup] removed stale /Users/reblocke/Research/abg-vbg-project/Code Drafts/ABG-VBG-analysis-2026-4-21.pdf
[render:root] /Users/reblocke/Research/abg-vbg-project
[render:preflight] check_env
Starting environment preflight...
The following package(s) are out of sync [lockfile != library]:

# CRAN -----------------------------------------------------------------------
- lattice    [0.22-7 != 0.22-9]
- survival   [3.8-3 != 3.8-6]

See `?renv::status` for advice on resolving these issues. 
Warning: Environment preflight warning: renv reports lockfile/library drift on this machine, but all declared direct dependencies are installed. Continue to the dependency audit and pilot render, then run `Rscript --vanilla -e "source('renv/activate.R'); renv::snapshot(prompt = FALSE)"` after the validated render to record the working state.
Environment preflight passed with lockfile-drift warning.
[render:preflight] check_dependencies
Dependency audit targets:
- /Users/reblocke/Research/abg-vbg-project/Code Drafts/ABG-VBG analysis 2026-4-21.qmd
- /Users/reblocke/Research/abg-vbg-project/scripts/check_env.R
- /Users/reblocke/Research/abg-vbg-project/scripts/check_dependencies.R

Dependency audit note (renv::dependencies only):
- rmarkdown
- shiny

Dependency audit passed for 44 declared direct packages.
[render:quarto] begin
[render:cwd] /Users/reblocke/Research/abg-vbg-project
[render:rss_trace] /Users/reblocke/Research/abg-vbg-project/Results/render_logs/rss_trace_20260423_070050.csv
[render:rss_sampler_pid] 41059
[render:timing] /usr/bin/time -l
[render:quarto_pid] 41068
[render:r_pid] 41111
- The project is out-of-sync -- use `renv::status()` for details.


processing file: ABG-VBG-analysis-2026-4-21.rmarkdown
1/303                                          
2/303 [todo-notes]                             
3/303                                          
4/303 [setup-table-helpers]                    
5/303                                          
6/303 [setup-packages]                         
7/303                                          
8/303 [cohort-flow-helpers]                    
9/303                                          
10/303 [cohort-flow-figure]                     
11/303                                          
12/303 [setup-run-config]                       
13/303                                          
14/303 [setup-diagnostics-output]               
15/303                                          
16/303 [setup-diagnostics-helpers]              
17/303                                          
18/303 [latex-codeblock-risk-scan]              
19/303                                          
20/303 [setup-model-diagrams]                   
21/303                                          
22/303 [setup-shapviz]                          
23/303                                          
24/303 [runtime-hooks]                          
25/303                                          
26/303 [seed-escrow]                            
27/303                                          
28/303 [gt-pdf-helper]                          
29/303                                          
30/303 [stage1-start]                           
31/303                                          
32/303 [load-trinetx-data]                      
33/303                                          
34/303 [propensity-config]                      
35/303                                          
36/303 [build-subset-data]                      
37/303                                          
38/303 [schema-normalize]                       
39/303                                          
40/303 [machine-resource-controls]              
41/303                                          
42/303 [run-metadata]                           
43/303                                          
44/303 [codebook-export-full]                   
45/303                                          
46/303 [derive-death-60d]                       
47/303                                          
48/303 [death-60d-summary]                      
49/303                                          
50/303 [derive-table1-cohorts]                  
51/303                                          
52/303 [float-barrier-table1abg]                
53/303                                          
54/303 [export-table1a-table1b-word]            
55/303                                          
56/303 [table1-everyone-abg-vbg]                
57/303                                          
58/303 [float-barrier-table1-everyone]          
59/303                                          
60/303 [co2-category-definitions]               
61/303                                          
62/303 [binary-hypercapnia-check]               
63/303                                          
64/303 [tbl2-co2-cohorts]                       
65/303                                          
66/303 [float-barrier-table2]                   
67/303                                          
68/303 [tbl2-outcome-panel]                     
69/303                                          
70/303 [export-table1-tbl2-word]                
71/303                                          
72/303 [or-data-three-level-unweighted]         
73/303                                          
74/303 [supplement-table-s2-crude]              
75/303                                          
76/303 [or-data-three-level-unweighted-post-s2] 
77/303                                          
78/303 [or-plot-three-level-unweighted]         
79/303                                          
80/303 [co2-binned-rates-unweighted]            
81/303                                          
82/303 [rcs-abg-data-prep]                      
83/303                                          
84/303 [rcs-abg-unweighted-models]              
85/303                                          
86/303 [rcs-vbg-data-prep]                      
87/303                                          
88/303 [rcs-vbg-unweighted-models]              
89/303                                          
90/303 [float-barrier-spline-unweighted]        
91/303                                          
92/303 [encode-encounter-type]                  
93/303                                          
94/303 [ipw-abg-weighting]                      
95/303                                          
96/303 [ipw-abg-rcs-models]                     
97/303                                          
98/303 [ipw-abg-rcs-trimmed]                    
99/303                                          
100/303 [ipw-vbg-workflow]                       
101/303                                          
102/303 [ipw-three-level-pco2-all]               
      307.52 real         0.66 user         0.07 sys
           227459072  maximum resident set size
                   0  average shared memory size
                   0  average unshared data size
                   0  average unshared stack size
               23999  page reclaims
                  20  page faults
                   0  swaps
                   0  block input operations
                   0  block output operations
                   2  messages sent
                   2  messages received
                   4  signals received
                  91  voluntary context switches
                4258  involuntary context switches
            38422026  instructions retired
            17547583  cycles elapsed
             1376568  peak memory footprint
[render:end] 2026-04-23 07:06:00 -0600
[render:status] 1
[render:log] /Users/reblocke/Research/abg-vbg-project/Results/render_logs/render_20260423_070050.log
[collect_render_postmortem] wrote /Users/reblocke/Research/abg-vbg-project/Results/render_logs/postmortem_20260423_070050.md
[collect_render_postmortem] wrote /Users/reblocke/Research/abg-vbg-project/Results/mi_run_status_20260423_070050.json
