[render:start] 2026-04-18 18:18:30 -0600
[render:qmd] /Users/reblocke/Research/abg-vbg-project/Code Drafts/ABG-VBG analysis 2026-2-28.qmd
[render:log] /Users/reblocke/Research/abg-vbg-project/Results/render_logs/render_20260418_181830.log
[render:pdf_target] /Users/reblocke/Research/abg-vbg-project/Code Drafts/ABG-VBG-analysis-2026-2-28.pdf
[render:wrapper_pid] 3695
[render:args] -P run_mode:full -P pilot_frac:1
[render:archive] moved /Users/reblocke/Research/abg-vbg-project/Results/mice_batches_log.csv -> /Users/reblocke/Research/abg-vbg-project/Results/archive/pre_run_20260418_181830/mice_batches_log.csv
[render:archive] moved /Users/reblocke/Research/abg-vbg-project/Results/mice_combine_log.csv -> /Users/reblocke/Research/abg-vbg-project/Results/archive/pre_run_20260418_181830/mice_combine_log.csv
[render:archive] moved /Users/reblocke/Research/abg-vbg-project/Results/mi_batch_context.rds -> /Users/reblocke/Research/abg-vbg-project/Results/archive/pre_run_20260418_181830/mi_batch_context.rds
[render:archive] moved /Users/reblocke/Research/abg-vbg-project/Results/mi_batch_checkpoints -> /Users/reblocke/Research/abg-vbg-project/Results/archive/pre_run_20260418_181830/mi_batch_checkpoints
[render:archive] moved /Users/reblocke/Research/abg-vbg-project/Results/mi_run_status_20260418_180950.json -> /Users/reblocke/Research/abg-vbg-project/Results/archive/pre_run_20260418_181830/mi_run_status_20260418_180950.json
[render:archive] moved /Users/reblocke/Research/abg-vbg-project/Results/render_logs/postmortem_20260418_180950.md -> /Users/reblocke/Research/abg-vbg-project/Results/archive/pre_run_20260418_181830/render_logs/postmortem_20260418_180950.md
[render:archive] moved /Users/reblocke/Research/abg-vbg-project/Results/render_logs/rss_trace_20260418_180950.csv -> /Users/reblocke/Research/abg-vbg-project/Results/archive/pre_run_20260418_181830/render_logs/rss_trace_20260418_180950.csv
[render:cleanup] removed stale /Users/reblocke/Research/abg-vbg-project/Code Drafts/ABG-VBG-analysis-2026-2-28.tex
[render:cleanup] removed stale /Users/reblocke/Research/abg-vbg-project/Code Drafts/ABG-VBG-analysis-2026-2-28.pdf
[render:root] /Users/reblocke/Research/abg-vbg-project
[render:preflight] check_env
Starting environment preflight...
The following package(s) are out of sync [lockfile != library]:

# CRAN -----------------------------------------------------------------------
- lattice    [0.22-7 != 0.22-9]
- survival   [3.8-3 != 3.8-6]

See `?renv::status` for advice on resolving these issues. 
Warning: Environment preflight warning: renv reports lockfile/library drift on this machine, but all declared direct dependencies are installed. Continue to the dependency audit and pilot render, then run `Rscript --vanilla -e "source('renv/activate.R'); renv::snapshot(prompt = FALSE)"` after the validated render to record the working state.
Environment preflight passed with lockfile-drift warning.
[render:preflight] check_dependencies
Dependency audit targets:
- /Users/reblocke/Research/abg-vbg-project/Code Drafts/ABG-VBG analysis 2026-2-28.qmd
- /Users/reblocke/Research/abg-vbg-project/scripts/check_env.R
- /Users/reblocke/Research/abg-vbg-project/scripts/check_dependencies.R

Dependency audit note (renv::dependencies only):
- rmarkdown
- shiny

Dependency audit passed for 44 declared direct packages.
[render:quarto] begin
[render:cwd] /Users/reblocke/Research/abg-vbg-project
[render:rss_trace] /Users/reblocke/Research/abg-vbg-project/Results/render_logs/rss_trace_20260418_181830.csv
[render:rss_sampler_pid] 3829
[render:timing] /usr/bin/time -l
- The project is out-of-sync -- use `renv::status()` for details.


processing file: ABG-VBG-analysis-2026-2-28.rmarkdown
1/299                                          
2/299 [todo-notes]                             
3/299                                          
4/299 [setup-table-helpers]                    
5/299                                          
6/299 [setup-packages]                         
7/299                                          
8/299 [cohort-flow-helpers]                    
9/299                                          
10/299 [cohort-flow-figure]                     
11/299                                          
12/299 [setup-run-config]                       
13/299                                          
14/299 [setup-diagnostics-output]               
15/299                                          
16/299 [setup-diagnostics-helpers]              
17/299                                          
18/299 [latex-codeblock-risk-scan]              
19/299                                          
20/299 [setup-model-diagrams]                   
21/299                                          
22/299 [setup-shapviz]                          
23/299                                          
24/299 [runtime-hooks]                          
25/299                                          
26/299 [seed-escrow]                            
27/299                                          
28/299 [gt-pdf-helper]                          
29/299                                          
30/299 [stage1-start]                           
31/299                                          
32/299 [load-trinetx-data]                      
33/299                                          
34/299 [propensity-config]                      
35/299                                          
36/299 [build-subset-data]                      
37/299                                          
38/299 [schema-normalize]                       
39/299                                          
40/299 [machine-resource-controls]              
41/299                                          
42/299 [run-metadata]                           
43/299                                          
44/299 [codebook-export-full]                   
45/299                                          
46/299 [derive-death-60d]                       
47/299                                          
48/299 [death-60d-summary]                      
49/299                                          
50/299 [derive-table1-cohorts]                  
51/299                                          
52/299 [float-barrier-table1abg]                
53/299                                          
54/299 [export-table1a-table1b-word]            
55/299                                          
56/299 [table1-everyone-abg-vbg]                
57/299                                          
58/299 [float-barrier-table1-everyone]          
59/299                                          
60/299 [co2-category-definitions]               
61/299                                          
62/299 [binary-hypercapnia-check]               
63/299                                          
64/299 [tbl2-co2-cohorts]                       
65/299                                          
66/299 [float-barrier-table2]                   
67/299                                          
68/299 [tbl2-outcome-panel]                     
69/299                                          
70/299 [export-table1-tbl2-word]                
71/299                                          
72/299 [or-data-three-level-unweighted]         
73/299                                          
74/299 [supplement-table-s2-crude]              
75/299                                          
76/299 [or-data-three-level-unweighted-post-s2] 
77/299                                          
78/299 [or-plot-three-level-unweighted]         
79/299                                          
80/299 [co2-binned-rates-unweighted]            
81/299                                          
82/299 [rcs-abg-data-prep]                      
83/299                                          
84/299 [rcs-abg-unweighted-models]              
85/299                                          
86/299 [rcs-vbg-data-prep]                      
87/299                                          
88/299 [rcs-vbg-unweighted-models]              
89/299                                          
90/299 [float-barrier-spline-unweighted]        
91/299                                          
92/299 [encode-encounter-type]                  
93/299                                          
94/299 [ipw-abg-weighting]                      
95/299                                          
96/299 [ipw-abg-rcs-models]                     
97/299                                          
98/299 [ipw-abg-rcs-trimmed]                    
99/299                                          
100/299 [ipw-vbg-workflow]                       
101/299                                          
102/299 [ipw-three-level-pco2-all]               
103/299                                          
104/299 [supplement-table-s3-gbm]                
105/299                                          
106/299 [or-data-three-level-weighted-post-s3]   
107/299                                          
108/299 [co2-binned-rates-ipw-nonmi]             
109/299                                          
110/299 [propensity-histograms-conditional]      
111/299                                          
112/299 [propensity-histograms-all]              
113/299                                          
114/299 [shap-top10-ipw-gbm]                     
115/299                                          
116/299 [loveplot-ipw-gbm]                       
117/299                                          
118/299 [shap-top10-ipw-gbm-display]             
119/299                                          
120/299 [stage2-cleanup]                         
121/299                                          
122/299 [mi-packages]                            
123/299                                          
124/299 [mi-settings]                            
125/299                                          
126/299 [mi-missing-summary]                     
127/299                                          
128/299 [mi-ps-helpers]                          
129/299                                          
130/299 [mi-missing-structure]                   
131/299                                          
132/299 [float-barrier-missingness]              
133/299                                          
134/299 [missingness-drivers]                    
135/299                                          
136/299 [mi-prep]                                
137/299                                          
138/299 [type-invariants]                        
139/299                                          
140/299 [mi-exec]                                
Error in `file()`:
! cannot open the connection
Backtrace:
     x
  1. \-global run_mice_batched(M_IMP_RUN, MI_BATCH_START, MAXIT_RUN, MI_SEED)
  2.   \-append_batch_log(...)
  3.     \-write_batch_log()
  4.       \-global write_csv_safely(...)
  5.         +-utils::write.csv(df, path, row.names = row_names)
  6.         | \-base::eval.parent(Call)
  7.         |   \-base::eval(expr, p)
  8.         |     \-base::eval(expr, p)
  9.         \-utils::write.table(...)
 10.           \-base::file(file, ifelse(append, "a", "w"))
Error in file(con, "w") : cannot open the connection
Calls: .main ... <Anonymous> -> handler -> write_utf8 -> writeLines -> file
In addition: Warning message:
In file(con, "w") :
  cannot open file 'ABG-VBG-analysis-2026-2-28.knit.md': No space left on device
Execution halted
WARN: Error encountered when rendering files
    52534.40 real     26924.80 user      2833.28 sys
          7559479296  maximum resident set size
                   0  average shared memory size
                   0  average unshared data size
                   0  average unshared stack size
          1188611989  page reclaims
               16549  page faults
                   0  swaps
                   0  block input operations
                  49  block output operations
                  18  messages sent
                  14  messages received
                  10  signals received
              191975  voluntary context switches
             6305018  involuntary context switches
            40326085  instructions retired
            23164257  cycles elapsed
             1360160  peak memory footprint
[render:end] 2026-04-19 08:54:08 -0600
[render:status] 1
[render:log] /Users/reblocke/Research/abg-vbg-project/Results/render_logs/render_20260418_181830.log
[collect_render_postmortem] wrote /Users/reblocke/Research/abg-vbg-project/Results/render_logs/postmortem_20260418_181830.md
[collect_render_postmortem] wrote /Users/reblocke/Research/abg-vbg-project/Results/mi_run_status_20260418_181830.json
