[render:start] 2026-04-21 07:33:43 -0600
[render:qmd] /Users/reblocke/Research/abg-vbg-project/Code Drafts/ABG-VBG analysis 2026-4-21.qmd
[render:log] /Users/reblocke/Research/abg-vbg-project/Results/render_logs/render_20260421_073343.log
[render:pdf_target] /Users/reblocke/Research/abg-vbg-project/Code Drafts/ABG-VBG-analysis-2026-4-21.pdf
[render:wrapper_pid] 69921
[render:args] -P run_mode:pilot -P pilot_frac:0.01
[render:archive] moved /Users/reblocke/Research/abg-vbg-project/Results/mice_batches_log.csv -> /Users/reblocke/Research/abg-vbg-project/Results/archive/pre_run_20260421_073343/mice_batches_log.csv
[render:archive] moved /Users/reblocke/Research/abg-vbg-project/Results/mice_combine_log.csv -> /Users/reblocke/Research/abg-vbg-project/Results/archive/pre_run_20260421_073343/mice_combine_log.csv
[render:archive] moved /Users/reblocke/Research/abg-vbg-project/Results/mi_batch_context.rds -> /Users/reblocke/Research/abg-vbg-project/Results/archive/pre_run_20260421_073343/mi_batch_context.rds
[render:archive] moved /Users/reblocke/Research/abg-vbg-project/Results/mi_batch_checkpoints -> /Users/reblocke/Research/abg-vbg-project/Results/archive/pre_run_20260421_073343/mi_batch_checkpoints
[render:archive] moved /Users/reblocke/Research/abg-vbg-project/Results/mi_run_status_20260421_072428.json -> /Users/reblocke/Research/abg-vbg-project/Results/archive/pre_run_20260421_073343/mi_run_status_20260421_072428.json
[render:archive] moved /Users/reblocke/Research/abg-vbg-project/Results/render_logs/postmortem_20260421_072428.md -> /Users/reblocke/Research/abg-vbg-project/Results/archive/pre_run_20260421_073343/render_logs/postmortem_20260421_072428.md
[render:archive] moved /Users/reblocke/Research/abg-vbg-project/Results/render_logs/rss_trace_20260421_072428.csv -> /Users/reblocke/Research/abg-vbg-project/Results/archive/pre_run_20260421_073343/render_logs/rss_trace_20260421_072428.csv
[render:cleanup] removed stale /Users/reblocke/Research/abg-vbg-project/Code Drafts/ABG-VBG-analysis-2026-4-21.tex
[render:cleanup] removed stale /Users/reblocke/Research/abg-vbg-project/Code Drafts/ABG-VBG-analysis-2026-4-21.pdf
[render:root] /Users/reblocke/Research/abg-vbg-project
[render:preflight] check_env
Starting environment preflight...
The following package(s) are out of sync [lockfile != library]:

# CRAN -----------------------------------------------------------------------
- lattice    [0.22-7 != 0.22-9]
- survival   [3.8-3 != 3.8-6]

See `?renv::status` for advice on resolving these issues. 
Warning: Environment preflight warning: renv reports lockfile/library drift on this machine, but all declared direct dependencies are installed. Continue to the dependency audit and pilot render, then run `Rscript --vanilla -e "source('renv/activate.R'); renv::snapshot(prompt = FALSE)"` after the validated render to record the working state.
Environment preflight passed with lockfile-drift warning.
[render:preflight] check_dependencies
Dependency audit targets:
- /Users/reblocke/Research/abg-vbg-project/Code Drafts/ABG-VBG analysis 2026-4-21.qmd
- /Users/reblocke/Research/abg-vbg-project/scripts/check_env.R
- /Users/reblocke/Research/abg-vbg-project/scripts/check_dependencies.R

Dependency audit note (renv::dependencies only):
- rmarkdown
- shiny

Dependency audit passed for 44 declared direct packages.
[render:quarto] begin
[render:cwd] /Users/reblocke/Research/abg-vbg-project
[render:rss_trace] /Users/reblocke/Research/abg-vbg-project/Results/render_logs/rss_trace_20260421_073343.csv
[render:rss_sampler_pid] 70055
[render:timing] /usr/bin/time -l
[render:quarto_pid] 70063
[render:r_pid] 70111
- The project is out-of-sync -- use `renv::status()` for details.


processing file: ABG-VBG-analysis-2026-4-21.rmarkdown
1/301                                          
2/301 [todo-notes]                             
3/301                                          
4/301 [setup-table-helpers]                    
5/301                                          
6/301 [setup-packages]                         
7/301                                          
8/301 [cohort-flow-helpers]                    
9/301                                          
10/301 [cohort-flow-figure]                     
11/301                                          
12/301 [setup-run-config]                       
13/301                                          
14/301 [setup-diagnostics-output]               
15/301                                          
16/301 [setup-diagnostics-helpers]              
17/301                                          
18/301 [latex-codeblock-risk-scan]              
19/301                                          
20/301 [setup-model-diagrams]                   
21/301                                          
22/301 [setup-shapviz]                          
23/301                                          
24/301 [runtime-hooks]                          
25/301                                          
26/301 [seed-escrow]                            
27/301                                          
28/301 [gt-pdf-helper]                          
29/301                                          
30/301 [stage1-start]                           
31/301                                          
32/301 [load-trinetx-data]                      
33/301                                          
34/301 [propensity-config]                      
35/301                                          
36/301 [build-subset-data]                      
37/301                                          
38/301 [schema-normalize]                       
39/301                                          
40/301 [machine-resource-controls]              
41/301                                          
42/301 [run-metadata]                           
43/301                                          
44/301 [codebook-export-full]                   
45/301                                          
46/301 [derive-death-60d]                       
47/301                                          
48/301 [death-60d-summary]                      
49/301                                          
50/301 [derive-table1-cohorts]                  
51/301                                          
52/301 [float-barrier-table1abg]                
53/301                                          
54/301 [export-table1a-table1b-word]            
55/301                                          
56/301 [table1-everyone-abg-vbg]                
57/301                                          
58/301 [float-barrier-table1-everyone]          
59/301                                          
60/301 [co2-category-definitions]               
61/301                                          
62/301 [binary-hypercapnia-check]               
63/301                                          
64/301 [tbl2-co2-cohorts]                       
65/301                                          
66/301 [float-barrier-table2]                   
67/301                                          
68/301 [tbl2-outcome-panel]                     
69/301                                          
70/301 [export-table1-tbl2-word]                
71/301                                          
72/301 [or-data-three-level-unweighted]         
73/301                                          
74/301 [supplement-table-s2-crude]              
75/301                                          
76/301 [or-data-three-level-unweighted-post-s2] 
77/301                                          
78/301 [or-plot-three-level-unweighted]         
79/301                                          
80/301 [co2-binned-rates-unweighted]            
81/301                                          
82/301 [rcs-abg-data-prep]                      
83/301                                          
84/301 [rcs-abg-unweighted-models]              
85/301                                          
86/301 [rcs-vbg-data-prep]                      
87/301                                          
88/301 [rcs-vbg-unweighted-models]              
89/301                                          
90/301 [float-barrier-spline-unweighted]        
91/301                                          
92/301 [encode-encounter-type]                  
93/301                                          
94/301 [ipw-abg-weighting]                      
95/301                                          
96/301 [ipw-abg-rcs-models]                     
97/301                                          
98/301 [ipw-abg-rcs-trimmed]                    
99/301                                          
100/301 [ipw-vbg-workflow]                       
101/301                                          
102/301 [ipw-three-level-pco2-all]               
103/301                                          
104/301 [supplement-table-s3-gbm]                
105/301                                          
106/301 [or-data-three-level-weighted-post-s3]   
107/301                                          
108/301 [co2-binned-rates-ipw-nonmi]             
109/301                                          
110/301 [propensity-histograms-conditional]      
111/301                                          
112/301 [propensity-histograms-all]              
113/301                                          
114/301 [shap-top10-ipw-gbm]                     
115/301                                          
116/301 [loveplot-ipw-gbm]                       
117/301                                          
118/301 [shap-top10-ipw-gbm-display]             
119/301                                          
120/301 [stage2-cleanup]                         
121/301                                          
122/301 [mi-packages]                            
123/301                                          
124/301 [mi-settings]                            
125/301                                          
126/301 [mi-missing-summary]                     
127/301                                          
128/301 [mi-ps-helpers]                          
129/301                                          
130/301 [mi-missing-structure]                   
131/301                                          
132/301 [float-barrier-missingness]              
133/301                                          
134/301 [missingness-drivers]                    
135/301                                          
136/301 [mi-prep]                                
137/301                                          
138/301 [type-invariants]                        
139/301                                          
140/301 [mi-exec]                                
141/301                                          
142/301 [mi-mcerror]                             
143/301                                          
144/301 [mi-diagnostics]                         
145/301                                          
146/301 [mi-missing-pattern]                     
147/301                                          
148/301 [mi-imputation-diagnostics]              
149/301                                          
150/301 [mi-mcerr-progress]                      
151/301                                          
152/301 [mi-missing-audit]                       
153/301                                          
154/301 [fail-fast-checks]                       
155/301                                          
156/301 [mi-single-pass]                         
157/301                                          
158/301 [mi-propensity-abg]                      
159/301                                          
160/301 [mi-weight-diagnostics-abg]              
161/301                                          
162/301 [target-balance-helpers]                 
163/301                                          
164/301 [mi-balance-abg]                         
165/301                                          
166/301 [mi-propensity-vbg]                      
167/301                                          
168/301 [mi-weight-diagnostics-vbg]              
169/301                                          
170/301 [mi-balance-vbg]                         
171/301                                          
172/301 [mi-pool-helpers]                        
173/301                                          
174/301 [mi-abg-outcomes]                        
175/301                                          
176/301 [mi-vbg-outcomes]                        
177/301                                          
178/301 [shap-top10-mi-logistic]                 
179/301                                          
180/301 [mi_pco2_threelevel]                     
181/301                                          
182/301 [mi-co2-cat-checks]                      
183/301                                          
184/301 [mi-ipw-abg-threelevel]                  
185/301                                          
186/301 [mi-ipw-vbg-threelevel]                  
187/301                                          
188/301 [table3-ipw-mi-co2]                      
189/301                                          
190/301 [table-summary-adjusted-threelevel]      
191/301                                          
192/301 [key-results-cat3-track-prep]            
193/301                                          
194/301 [key-results-cat3-crude-abg-vbg]         
195/301                                          
196/301 [key-results-cat3-adjusted-abg-vbg]      
197/301                                          
198/301 [key-results-cat3-imputed-abg-vbg]       
199/301                                          
200/301 [key-results-cat3-main-mi-ipw-abg-vbg]   
201/301                                          
202/301 [key-results-cat3-gbm-weighted-abg-vbg]  
203/301                                          
204/301 [stage1-cleanup]                         
205/301                                          
206/301 [co2-binned-rates-mi-ipw]                
207/301                                          
208/301 [manuscript-outputs]                     
209/301                                          
210/301 [mi-threelevel-sanity]                   
211/301                                          
212/301 [ipw-three-level-pco2-mi-abg-vbg]        
213/301                                          
214/301 [ipw-three-level-pco2-mi-abg-vbg-prob]   
215/301                                          
216/301 [mi-propensity-histograms-logistic]      
217/301                                          
218/301 [loveplot-mi-logistic]                   
219/301                                          
220/301 [shap-top10-mi-logistic-display]         
221/301                                          
222/301 [float-barrier-mi-or-plot]               
223/301                                          
224/301 [ipw-rcs-overlay-mi-abg-vbg]             
225/301                                          
226/301 [ipw-rcs-overlay-mi-abg-vbg-prob]        
227/301                                          
228/301 [key-results-track-prep]                 
229/301                                          
230/301 [key-results-spline-crude-abg-vbg]       
231/301                                          
232/301 [key-results-spline-adjusted-abg-vbg]    
233/301                                          
234/301 [key-results-spline-imputed-abg-vbg]     
235/301                                          
236/301 [key-results-spline-main-mi-ipw-abg-vbg] 
237/301                                          
238/301 [key-results-spline-gbm-weighted-abg-vbg]
239/301                                          
240/301 [float-barrier-mi-spline]                
241/301                                          
242/301 [ipw-output-parity]                      
243/301                                          
244/301 [key-results-output-audit]               
245/301                                          
246/301 [manuscript-supplement-tables-additional]
247/301                                          
248/301 [supplement-artifact-manifest]           
249/301                                          
250/301 [manuscript-facing-display]              
251/301                                          
252/301 [manuscript-asset-audit]                 
253/301                                          
254/301 [supplement-artifact-assertions]         
255/301                                          
256/301 [diagnostics-inputs]                     
257/301                                          
258/301 [diagnostics-missingness]                
259/301                                          
260/301 [diagnostics-mi-convergence]             
261/301                                          
262/301 [diagnostics-mi-stability]               
263/301                                          
264/301 [diagnostics-mi-maxit]                   
265/301                                          
266/301 [diagnostics-weights]                    
267/301                                          
268/301 [diagnostics-balance]                    
269/301                                          
270/301 [diagnostics-outcome]                    
271/301                                          
272/301 [diagnostics-summary]                    
273/301                                          
274/301 [warnings-summary]                       
275/301                                          
276/301 [mi-nonconvergence-summary]              
277/301                                          
278/301 [runtime-log-export]                     
279/301                                          
280/301 [diagnostics-completeness]               
281/301                                          
282/301 [diagnostics-audit-run]                  
283/301                                          
284/301 [diagnostics-audit-summary]              
285/301                                          
286/301 [validation-build-summary]               
287/301                                          
288/301 [mi-save-exports]                        
289/301                                          
290/301 [mi-session]                             
291/301                                          
292/301 [software-statement]                     
293/301                                          
294/301 [render-path-hygiene-scan]               
295/301                                          
296/301 [pdf-hygiene-scan]                       
297/301                                          
298/301 [numbering-hygiene-scan]                 
299/301                                          
300/301 [mi-transient-cleanup]                   
301/301                                          
output file: ABG-VBG-analysis-2026-4-21.knit.md

pandoc 
  to: latex
  output-file: ABG-VBG-analysis-2026-4-21.tex
  standalone: true
  pdf-engine: lualatex
  variables:
    graphics: true
    tables: true
  default-image-extension: pdf
  toc: true
  number-sections: true
  pdf-engine-opts:
    - '--cnf-line=dest_names_size=300000'
  
metadata
  documentclass: scrartcl
  classoption:
    - DIV=11
    - numbers=noendperiod
  papersize: letter
  header-includes:
    - \KOMAoption{captions}{tableheading}
    - \usepackage{float}
    - \usepackage{placeins}
    - \graphicspath{{../}{./}}
  block-headings: true
  title: ABG‑VBG Analysis
  author: Brian Locke, Anila Mehta
  editor: visual
  fontsize: 11pt
  hyperrefoptions:
    - draft
  mainfont: Latin Modern Roman
  code-block-bg: false
  geometry:
    - landscape
    - margin=0.8in
  

Rendering PDF
running lualatex - 1
  This is LuaHBTeX, Version 1.22.0 (TeX Live 2025) 
   restricted system commands enabled.
  
running lualatex - 2
  This is LuaHBTeX, Version 1.22.0 (TeX Live 2025) 
   restricted system commands enabled.
  
running lualatex - 3
  This is LuaHBTeX, Version 1.22.0 (TeX Live 2025) 
   restricted system commands enabled.
  

Output created: ABG-VBG-analysis-2026-4-21.pdf

      478.00 real       422.58 user        28.86 sys
          2817114112  maximum resident set size
                   0  average shared memory size
                   0  average unshared data size
                   0  average unshared stack size
             5391076  page reclaims
               23297  page faults
                   0  swaps
                   0  block input operations
                   0  block output operations
                  15  messages sent
                  13  messages received
                  12  signals received
                8456  voluntary context switches
             1547536  involuntary context switches
            40590661  instructions retired
            27789925  cycles elapsed
             1409336  peak memory footprint
[render:postflight] validate_outputs
[render:postflight] render path and PDF validation passed
[render:postflight] check_pdf_assets
[pdf-assets] validation passed: /Users/reblocke/Research/abg-vbg-project/Results/pdf_asset_presence_scan.csv
[render:quarto] complete
[render:end] 2026-04-21 07:41:46 -0600
[render:status] 0
[render:log] /Users/reblocke/Research/abg-vbg-project/Results/render_logs/render_20260421_073343.log
[collect_render_postmortem] wrote /Users/reblocke/Research/abg-vbg-project/Results/render_logs/postmortem_20260421_073343.md
[collect_render_postmortem] wrote /Users/reblocke/Research/abg-vbg-project/Results/mi_run_status_20260421_073343.json
