[render:start] 2026-04-21 11:54:24 -0600
[render:qmd] /Users/reblocke/Research/abg-vbg-project/Code Drafts/ABG-VBG analysis 2026-4-21.qmd
[render:log] /Users/reblocke/Research/abg-vbg-project/Results/render_logs/render_20260421_115424.log
[render:pdf_target] /Users/reblocke/Research/abg-vbg-project/Code Drafts/ABG-VBG-analysis-2026-4-21.pdf
[render:wrapper_pid] 33684
[render:args] -P run_mode:pilot -P pilot_frac:0.01
[render:archive] moved /Users/reblocke/Research/abg-vbg-project/Results/mice_batches_log.csv -> /Users/reblocke/Research/abg-vbg-project/Results/archive/pre_run_20260421_115424/mice_batches_log.csv
[render:archive] moved /Users/reblocke/Research/abg-vbg-project/Results/mice_combine_log.csv -> /Users/reblocke/Research/abg-vbg-project/Results/archive/pre_run_20260421_115424/mice_combine_log.csv
[render:archive] moved /Users/reblocke/Research/abg-vbg-project/Results/mi_batch_context.rds -> /Users/reblocke/Research/abg-vbg-project/Results/archive/pre_run_20260421_115424/mi_batch_context.rds
[render:archive] moved /Users/reblocke/Research/abg-vbg-project/Results/mi_batch_checkpoints -> /Users/reblocke/Research/abg-vbg-project/Results/archive/pre_run_20260421_115424/mi_batch_checkpoints
[render:archive] moved /Users/reblocke/Research/abg-vbg-project/Results/mi_run_status_20260421_114821.json -> /Users/reblocke/Research/abg-vbg-project/Results/archive/pre_run_20260421_115424/mi_run_status_20260421_114821.json
[render:archive] moved /Users/reblocke/Research/abg-vbg-project/Results/render_logs/postmortem_20260421_114821.md -> /Users/reblocke/Research/abg-vbg-project/Results/archive/pre_run_20260421_115424/render_logs/postmortem_20260421_114821.md
[render:archive] moved /Users/reblocke/Research/abg-vbg-project/Results/render_logs/rss_trace_20260421_114821.csv -> /Users/reblocke/Research/abg-vbg-project/Results/archive/pre_run_20260421_115424/render_logs/rss_trace_20260421_114821.csv
[render:root] /Users/reblocke/Research/abg-vbg-project
[render:preflight] check_env
Starting environment preflight...
The following package(s) are out of sync [lockfile != library]:

# CRAN -----------------------------------------------------------------------
- lattice    [0.22-7 != 0.22-9]
- survival   [3.8-3 != 3.8-6]

See `?renv::status` for advice on resolving these issues. 
Warning: Environment preflight warning: renv reports lockfile/library drift on this machine, but all declared direct dependencies are installed. Continue to the dependency audit and pilot render, then run `Rscript --vanilla -e "source('renv/activate.R'); renv::snapshot(prompt = FALSE)"` after the validated render to record the working state.
Environment preflight passed with lockfile-drift warning.
[render:preflight] check_dependencies
Dependency audit targets:
- /Users/reblocke/Research/abg-vbg-project/Code Drafts/ABG-VBG analysis 2026-4-21.qmd
- /Users/reblocke/Research/abg-vbg-project/scripts/check_env.R
- /Users/reblocke/Research/abg-vbg-project/scripts/check_dependencies.R

Dependency audit note (renv::dependencies only):
- rmarkdown
- shiny

Dependency audit passed for 44 declared direct packages.
[render:quarto] begin
[render:cwd] /Users/reblocke/Research/abg-vbg-project
[render:rss_trace] /Users/reblocke/Research/abg-vbg-project/Results/render_logs/rss_trace_20260421_115424.csv
[render:rss_sampler_pid] 33787
[render:timing] /usr/bin/time -l
[render:quarto_pid] 33796
[render:r_pid] 33839
- The project is out-of-sync -- use `renv::status()` for details.


processing file: ABG-VBG-analysis-2026-4-21.rmarkdown
1/303                                          
2/303 [todo-notes]                             
3/303                                          
4/303 [setup-table-helpers]                    
5/303                                          
6/303 [setup-packages]                         
7/303                                          
8/303 [cohort-flow-helpers]                    
9/303                                          
10/303 [cohort-flow-figure]                     
11/303                                          
12/303 [setup-run-config]                       
13/303                                          
14/303 [setup-diagnostics-output]               
15/303                                          
16/303 [setup-diagnostics-helpers]              
17/303                                          
18/303 [latex-codeblock-risk-scan]              
19/303                                          
20/303 [setup-model-diagrams]                   
21/303                                          
22/303 [setup-shapviz]                          
23/303                                          
24/303 [runtime-hooks]                          
25/303                                          
26/303 [seed-escrow]                            
27/303                                          
28/303 [gt-pdf-helper]                          
29/303                                          
30/303 [stage1-start]                           
31/303                                          
32/303 [load-trinetx-data]                      
33/303                                          
34/303 [propensity-config]                      
35/303                                          
36/303 [build-subset-data]                      
37/303                                          
38/303 [schema-normalize]                       
39/303                                          
40/303 [machine-resource-controls]              
41/303                                          
42/303 [run-metadata]                           
43/303                                          
44/303 [codebook-export-full]                   
45/303                                          
46/303 [derive-death-60d]                       
47/303                                          
48/303 [death-60d-summary]                      
49/303                                          
50/303 [derive-table1-cohorts]                  
51/303                                          
52/303 [float-barrier-table1abg]                
53/303                                          
54/303 [export-table1a-table1b-word]            
55/303                                          
56/303 [table1-everyone-abg-vbg]                
57/303                                          
58/303 [float-barrier-table1-everyone]          
59/303                                          
60/303 [co2-category-definitions]               
61/303                                          
62/303 [binary-hypercapnia-check]               
63/303                                          
64/303 [tbl2-co2-cohorts]                       
65/303                                          
66/303 [float-barrier-table2]                   
67/303                                          
68/303 [tbl2-outcome-panel]                     
69/303                                          
70/303 [export-table1-tbl2-word]                
71/303                                          
72/303 [or-data-three-level-unweighted]         
73/303                                          
74/303 [supplement-table-s2-crude]              
75/303                                          
76/303 [or-data-three-level-unweighted-post-s2] 
77/303                                          
78/303 [or-plot-three-level-unweighted]         
79/303                                          
80/303 [co2-binned-rates-unweighted]            
81/303                                          
82/303 [rcs-abg-data-prep]                      
83/303                                          
84/303 [rcs-abg-unweighted-models]              
85/303                                          
86/303 [rcs-vbg-data-prep]                      
87/303                                          
88/303 [rcs-vbg-unweighted-models]              
89/303                                          
90/303 [float-barrier-spline-unweighted]        
91/303                                          
92/303 [encode-encounter-type]                  
93/303                                          
94/303 [ipw-abg-weighting]                      
95/303                                          
96/303 [ipw-abg-rcs-models]                     
97/303                                          
98/303 [ipw-abg-rcs-trimmed]                    
99/303                                          
100/303 [ipw-vbg-workflow]                       
101/303                                          
102/303 [ipw-three-level-pco2-all]               
103/303                                          
104/303 [supplement-table-s3-gbm]                
105/303                                          
106/303 [or-data-three-level-weighted-post-s3]   
107/303                                          
108/303 [co2-binned-rates-ipw-nonmi]             
109/303                                          
110/303 [propensity-histograms-conditional]      
111/303                                          
112/303 [propensity-histograms-all]              
113/303                                          
114/303 [shap-top10-ipw-gbm]                     
115/303                                          
116/303 [loveplot-ipw-gbm]                       
117/303                                          
118/303 [shap-top10-ipw-gbm-display]             
119/303                                          
120/303 [stage2-cleanup]                         
121/303                                          
122/303 [mi-packages]                            
123/303                                          
124/303 [mi-settings]                            
125/303                                          
126/303 [mi-missing-summary]                     
127/303                                          
128/303 [mi-ps-helpers]                          
129/303                                          
130/303 [mi-missing-structure]                   
131/303                                          
132/303 [float-barrier-missingness]              
133/303                                          
134/303 [missingness-drivers]                    
135/303                                          
136/303 [mi-prep]                                
137/303                                          
138/303 [type-invariants]                        
139/303                                          
140/303 [mi-exec]                                
141/303                                          
142/303 [mi-mcerror]                             
143/303                                          
144/303 [mi-diagnostics]                         
145/303                                          
146/303 [mi-missing-pattern]                     
147/303                                          
148/303 [mi-imputation-diagnostics]              
149/303                                          
150/303 [mi-mcerr-progress]                      
151/303                                          
152/303 [mi-missing-audit]                       
153/303                                          
154/303 [fail-fast-checks]                       
155/303                                          
156/303 [mi-single-pass]                         
Error in `dplyr::mutate()`:
i In argument: `relative_gap = safe_relative_gap(abg_probability,
  vbg_probability)`.
i In row 1.
Caused by error in `safe_relative_gap()`:
! could not find function "safe_relative_gap"
Backtrace:
     x
  1. +-dplyr::select(...)
  2. +-dplyr::ungroup(...)
  3. +-dplyr::mutate(...)
  4. +-dplyr:::mutate.data.frame(...)
  5. | \-dplyr:::mutate_cols(.data, dplyr_quosures(...), by)
  6. |   +-base::withCallingHandlers(...)
  7. |   \-dplyr:::mutate_col(dots[[i]], data, mask, new_columns)
  8. |     \-mask$eval_all_mutate(quo)
  9. |       \-dplyr (local) eval()
 10. \-base::.handleSimpleError(...)
 11.   \-dplyr (local) h(simpleError(msg, call))
 12.     \-rlang::abort(message, class = error_class, parent = parent, call = error_call)

Quitting from ABG-VBG-analysis-2026-4-21.rmarkdown:9445-11620 [mi-single-pass]
Execution halted
WARN: Error encountered when rendering files
      333.57 real       318.39 user        11.15 sys
          6262112256  maximum resident set size
                   0  average shared memory size
                   0  average unshared data size
                   0  average unshared stack size
             2100822  page reclaims
                2368  page faults
                   0  swaps
                   0  block input operations
                   0  block output operations
                  18  messages sent
                  14  messages received
                   7  signals received
                5389  voluntary context switches
              381681  involuntary context switches
            38472057  instructions retired
            19501555  cycles elapsed
             1376568  peak memory footprint
[render:end] 2026-04-21 12:00:01 -0600
[render:status] 1
[render:log] /Users/reblocke/Research/abg-vbg-project/Results/render_logs/render_20260421_115424.log
[collect_render_postmortem] wrote /Users/reblocke/Research/abg-vbg-project/Results/render_logs/postmortem_20260421_115424.md
[collect_render_postmortem] wrote /Users/reblocke/Research/abg-vbg-project/Results/mi_run_status_20260421_115424.json
